{"endpoint":"geocodeLocationAction","method":"ACTION","status":200,"duration":302,"properties":{"serviceUsed":"LocationIQ"},"timestamp":"2025-04-19T18:08:07.901Z","environment":"development"}
{"endpoint":"geocodeLocationAction","method":"ACTION","status":200,"duration":356,"properties":{"serviceUsed":"LocationIQ"},"timestamp":"2025-04-19T18:08:08.290Z","environment":"development"}
{"endpoint":"geocodeLocationAction","method":"ACTION","status":200,"duration":195,"properties":{"serviceUsed":"LocationIQ"},"timestamp":"2025-04-19T18:10:20.500Z","environment":"development"}
{"endpoint":"geocodeLocationAction","method":"ACTION","status":200,"duration":18,"properties":{"serviceUsed":"LocationIQ"},"timestamp":"2025-04-19T18:10:20.544Z","environment":"development"}
{"endpoint":"geocodeLocationAction","method":"ACTION","status":200,"duration":231,"userId":"user_2tgDROdend9w23lpQezDLR6RHFo","properties":{"serviceUsed":"LocationIQ"},"timestamp":"2025-04-19T18:13:41.068Z","environment":"development"}
{"endpoint":"geocodeLocationAction","method":"ACTION","status":200,"duration":23,"userId":"user_2tgDROdend9w23lpQezDLR6RHFo","properties":{"serviceUsed":"LocationIQ"},"timestamp":"2025-04-19T18:13:41.119Z","environment":"development"}
{"endpoint":"geocodeLocationAction","method":"ACTION","status":200,"duration":176,"userId":"user_2tgDROdend9w23lpQezDLR6RHFo","properties":{"serviceUsed":"LocationIQ"},"timestamp":"2025-04-19T18:16:06.964Z","environment":"development"}
{"endpoint":"geocodeLocationAction","method":"ACTION","status":200,"duration":20,"userId":"user_2tgDROdend9w23lpQezDLR6RHFo","properties":{"serviceUsed":"LocationIQ"},"timestamp":"2025-04-19T18:16:07.011Z","environment":"development"}
{"endpoint":"geocodeLocationAction","method":"ACTION","status":200,"duration":254,"userId":"user_2tgDROdend9w23lpQezDLR6RHFo","serviceUsed":"LocationIQ","timestamp":"2025-04-19T18:22:22.589Z","environment":"development"}
{"endpoint":"geocodeLocationAction","method":"ACTION","status":200,"duration":21,"userId":"user_2tgDROdend9w23lpQezDLR6RHFo","serviceUsed":"LocationIQ","timestamp":"2025-04-19T18:22:22.635Z","environment":"development"}
{"endpoint":"getRouteAction","method":"ACTION","status":200,"duration":64,"error":"Unknown route action error","userId":"user_2tgDROdend9w23lpQezDLR6RHFo","routeDistance":163926.5,"routeDuration":9172.7,"usedFallback":false,"timestamp":"2025-04-19T18:22:22.781Z","environment":"development"}
{"endpoint":"getAlternateRouteAction","method":"ACTION","status":200,"duration":45,"userId":"user_2tgDROdend9w23lpQezDLR6RHFo","routeDistance":176373.8,"routeDuration":9485.1,"usedFallback":false,"timestamp":"2025-04-19T18:22:22.841Z","environment":"development"}
{"endpoint":"getRouteAction","method":"ACTION","status":200,"duration":25,"error":"Unknown route action error","userId":"user_2tgDROdend9w23lpQezDLR6RHFo","routeDistance":163926.5,"routeDuration":9172.7,"usedFallback":false,"timestamp":"2025-04-19T18:22:22.887Z","environment":"development"}
{"endpoint":"getAlternateRouteAction","method":"ACTION","status":200,"duration":32,"userId":"user_2tgDROdend9w23lpQezDLR6RHFo","routeDistance":176373.8,"routeDuration":9485.1,"usedFallback":false,"timestamp":"2025-04-19T18:22:22.969Z","environment":"development"}
{"endpoint":"searchPoisAction","method":"ACTION","status":200,"duration":23,"userId":"user_2tgDROdend9w23lpQezDLR6RHFo","poiCount":20,"radius":1500,"timestamp":"2025-04-19T18:22:23.007Z","environment":"development"}
{"endpoint":"searchPoisAction","method":"ACTION","status":200,"duration":25,"userId":"user_2tgDROdend9w23lpQezDLR6RHFo","poiCount":20,"radius":1500,"timestamp":"2025-04-19T18:22:23.043Z","environment":"development"}
{"endpoint":"searchPoisAction","method":"ACTION","status":200,"duration":24,"userId":"user_2tgDROdend9w23lpQezDLR6RHFo","poiCount":20,"radius":1500,"timestamp":"2025-04-19T18:22:23.082Z","environment":"development"}
{"endpoint":"searchPoisAction","method":"ACTION","status":200,"duration":25,"userId":"user_2tgDROdend9w23lpQezDLR6RHFo","poiCount":20,"radius":1500,"timestamp":"2025-04-19T18:22:23.119Z","environment":"development"}
{"endpoint":"geocodeLocationAction","method":"ACTION","status":200,"duration":304,"userId":"user_2tgDROdend9w23lpQezDLR6RHFo","serviceUsed":"LocationIQ","timestamp":"2025-04-20T17:55:00.502Z","environment":"development"}
{"endpoint":"geocodeLocationAction","method":"ACTION","status":200,"duration":19,"userId":"user_2tgDROdend9w23lpQezDLR6RHFo","serviceUsed":"LocationIQ","timestamp":"2025-04-20T17:55:00.557Z","environment":"development"}
{"endpoint":"getRouteAction","method":"ACTION","status":200,"duration":64,"error":"Unknown route action error","userId":"user_2tgDROdend9w23lpQezDLR6RHFo","routeDistance":100781.3,"routeDuration":5234.3,"usedFallback":false,"timestamp":"2025-04-20T17:55:00.708Z","environment":"development"}
{"endpoint":"getAlternateRouteAction","method":"ACTION","status":200,"duration":46,"userId":"user_2tgDROdend9w23lpQezDLR6RHFo","routeDistance":109165.4,"routeDuration":5575,"usedFallback":false,"timestamp":"2025-04-20T17:55:00.768Z","environment":"development"}
{"endpoint":"getRouteAction","method":"ACTION","status":200,"duration":25,"error":"Unknown route action error","userId":"user_2tgDROdend9w23lpQezDLR6RHFo","routeDistance":100781.3,"routeDuration":5234.3,"usedFallback":false,"timestamp":"2025-04-20T17:55:00.808Z","environment":"development"}
{"endpoint":"getAlternateRouteAction","method":"ACTION","status":200,"duration":25,"userId":"user_2tgDROdend9w23lpQezDLR6RHFo","routeDistance":109165.4,"routeDuration":5575,"usedFallback":false,"timestamp":"2025-04-20T17:55:00.859Z","environment":"development"}
{"endpoint":"searchPoisAction","method":"ACTION","status":200,"duration":24,"userId":"user_2tgDROdend9w23lpQezDLR6RHFo","poiCount":20,"radius":1500,"timestamp":"2025-04-20T17:55:00.900Z","environment":"development"}
{"endpoint":"searchPoisAction","method":"ACTION","status":200,"duration":22,"userId":"user_2tgDROdend9w23lpQezDLR6RHFo","poiCount":20,"radius":1500,"timestamp":"2025-04-20T17:55:00.939Z","environment":"development"}
{"endpoint":"searchPoisAction","method":"ACTION","status":200,"duration":25,"userId":"user_2tgDROdend9w23lpQezDLR6RHFo","poiCount":20,"radius":1500,"timestamp":"2025-04-20T17:55:00.976Z","environment":"development"}
{"endpoint":"searchPoisAction","method":"ACTION","status":200,"duration":23,"userId":"user_2tgDROdend9w23lpQezDLR6RHFo","poiCount":20,"radius":1500,"timestamp":"2025-04-20T17:55:01.009Z","environment":"development"}
{"endpoint":"geocodeLocationAction","method":"ACTION","status":200,"duration":173,"userId":"user_2tgDROdend9w23lpQezDLR6RHFo","serviceUsed":"LocationIQ","timestamp":"2025-04-20T17:55:27.767Z","environment":"development"}
{"endpoint":"geocodeLocationAction","method":"ACTION","status":200,"duration":24,"userId":"user_2tgDROdend9w23lpQezDLR6RHFo","serviceUsed":"LocationIQ","timestamp":"2025-04-20T17:55:27.826Z","environment":"development"}
{"endpoint":"getRouteAction","method":"ACTION","status":200,"duration":700,"error":"Unknown route action error","userId":"user_2tgDROdend9w23lpQezDLR6RHFo","routeDistance":98877.1,"routeDuration":5293.7,"usedFallback":false,"timestamp":"2025-04-20T17:55:28.589Z","environment":"development"}
{"endpoint":"getAlternateRouteAction","method":"ACTION","status":200,"duration":462,"userId":"user_2tgDROdend9w23lpQezDLR6RHFo","routeDistance":116106,"routeDuration":5734.4,"usedFallback":false,"timestamp":"2025-04-20T17:55:29.079Z","environment":"development"}
{"endpoint":"getRouteAction","method":"ACTION","status":200,"duration":67,"error":"Unknown route action error","userId":"user_2tgDROdend9w23lpQezDLR6RHFo","routeDistance":98877.1,"routeDuration":5293.7,"usedFallback":false,"timestamp":"2025-04-20T17:55:29.173Z","environment":"development"}
{"endpoint":"getAlternateRouteAction","method":"ACTION","status":200,"duration":53,"userId":"user_2tgDROdend9w23lpQezDLR6RHFo","routeDistance":116106,"routeDuration":5734.4,"usedFallback":false,"timestamp":"2025-04-20T17:55:29.243Z","environment":"development"}
{"endpoint":"searchPoisAction","method":"ACTION","status":200,"duration":1134,"userId":"user_2tgDROdend9w23lpQezDLR6RHFo","poiCount":2,"radius":1500,"timestamp":"2025-04-20T17:55:30.394Z","environment":"development"}
{"endpoint":"searchPoisAction","method":"ACTION","status":200,"duration":586,"userId":"user_2tgDROdend9w23lpQezDLR6RHFo","poiCount":20,"radius":1500,"timestamp":"2025-04-20T17:55:31.013Z","environment":"development"}
{"endpoint":"searchPoisAction","method":"ACTION","status":200,"duration":22,"userId":"user_2tgDROdend9w23lpQezDLR6RHFo","poiCount":2,"radius":1500,"timestamp":"2025-04-20T17:55:31.066Z","environment":"development"}
{"endpoint":"searchPoisAction","method":"ACTION","status":200,"duration":28,"userId":"user_2tgDROdend9w23lpQezDLR6RHFo","poiCount":20,"radius":1500,"timestamp":"2025-04-20T17:55:31.110Z","environment":"development"}
{"endpoint":"geocodeLocationAction","method":"ACTION","status":200,"duration":613,"userId":"user_2tgDROdend9w23lpQezDLR6RHFo","serviceUsed":"LocationIQ","timestamp":"2025-04-20T17:59:15.105Z","environment":"development"}
{"endpoint":"geocodeLocationAction","method":"ACTION","status":200,"duration":199,"userId":"user_2tgDROdend9w23lpQezDLR6RHFo","serviceUsed":"LocationIQ","timestamp":"2025-04-20T17:59:15.339Z","environment":"development"}
{"endpoint":"getRouteAction","method":"ACTION","status":200,"duration":736,"error":"Unknown route action error","userId":"user_2tgDROdend9w23lpQezDLR6RHFo","routeDistance":163926.5,"routeDuration":9172.7,"usedFallback":false,"timestamp":"2025-04-20T17:59:16.173Z","environment":"development"}
{"endpoint":"getAlternateRouteAction","method":"ACTION","status":200,"duration":508,"userId":"user_2tgDROdend9w23lpQezDLR6RHFo","routeDistance":176373.8,"routeDuration":9485.1,"usedFallback":false,"timestamp":"2025-04-20T17:59:16.717Z","environment":"development"}
{"endpoint":"getRouteAction","method":"ACTION","status":200,"duration":70,"error":"Unknown route action error","userId":"user_2tgDROdend9w23lpQezDLR6RHFo","routeDistance":163926.5,"routeDuration":9172.7,"usedFallback":false,"timestamp":"2025-04-20T17:59:16.810Z","environment":"development"}
{"endpoint":"getAlternateRouteAction","method":"ACTION","status":200,"duration":47,"userId":"user_2tgDROdend9w23lpQezDLR6RHFo","routeDistance":176373.8,"routeDuration":9485.1,"usedFallback":false,"timestamp":"2025-04-20T17:59:16.877Z","environment":"development"}
{"endpoint":"searchPoisAction","method":"ACTION","status":200,"duration":784,"userId":"user_2tgDROdend9w23lpQezDLR6RHFo","poiCount":20,"radius":1500,"timestamp":"2025-04-20T17:59:17.672Z","environment":"development"}
{"endpoint":"searchPoisAction","method":"ACTION","status":200,"duration":690,"userId":"user_2tgDROdend9w23lpQezDLR6RHFo","poiCount":20,"radius":1500,"timestamp":"2025-04-20T17:59:18.392Z","environment":"development"}
{"endpoint":"searchPoisAction","method":"ACTION","status":200,"duration":24,"userId":"user_2tgDROdend9w23lpQezDLR6RHFo","poiCount":20,"radius":1500,"timestamp":"2025-04-20T17:59:18.443Z","environment":"development"}
{"endpoint":"searchPoisAction","method":"ACTION","status":200,"duration":22,"userId":"user_2tgDROdend9w23lpQezDLR6RHFo","poiCount":20,"radius":1500,"timestamp":"2025-04-20T17:59:18.483Z","environment":"development"}
{"endpoint":"geocodeLocationAction","method":"ACTION","status":200,"duration":186,"userId":"user_2tgDROdend9w23lpQezDLR6RHFo","serviceUsed":"LocationIQ","timestamp":"2025-04-20T18:12:27.136Z","environment":"development"}
{"endpoint":"geocodeLocationAction","method":"ACTION","status":200,"duration":309,"userId":"user_2tgDROdend9w23lpQezDLR6RHFo","serviceUsed":"LocationIQ","timestamp":"2025-04-20T18:12:27.479Z","environment":"development"}
{"endpoint":"getRouteAction","method":"ACTION","status":200,"duration":451,"error":"Unknown route action error","userId":"user_2tgDROdend9w23lpQezDLR6RHFo","routeDistance":61618.9,"routeDuration":3482.1,"usedFallback":false,"timestamp":"2025-04-20T18:12:28.037Z","environment":"development"}
{"endpoint":"getAlternateRouteAction","method":"ACTION","status":200,"duration":722,"userId":"user_2tgDROdend9w23lpQezDLR6RHFo","routeDistance":73888.9,"routeDuration":3523.6,"usedFallback":false,"timestamp":"2025-04-20T18:12:28.776Z","environment":"development"}
{"endpoint":"getRouteAction","method":"ACTION","status":200,"duration":42,"error":"Unknown route action error","userId":"user_2tgDROdend9w23lpQezDLR6RHFo","routeDistance":61618.9,"routeDuration":3482.1,"usedFallback":false,"timestamp":"2025-04-20T18:12:28.847Z","environment":"development"}
{"endpoint":"getAlternateRouteAction","method":"ACTION","status":200,"duration":47,"userId":"user_2tgDROdend9w23lpQezDLR6RHFo","routeDistance":73888.9,"routeDuration":3523.6,"usedFallback":false,"timestamp":"2025-04-20T18:12:28.970Z","environment":"development"}
{"endpoint":"searchPoisAction","method":"ACTION","status":200,"duration":986,"userId":"user_2tgDROdend9w23lpQezDLR6RHFo","poiCount":1,"radius":1500,"timestamp":"2025-04-20T18:12:29.970Z","environment":"development"}
{"endpoint":"searchPoisAction","method":"ACTION","status":200,"duration":506,"userId":"user_2tgDROdend9w23lpQezDLR6RHFo","poiCount":7,"radius":1500,"timestamp":"2025-04-20T18:12:30.499Z","environment":"development"}
{"endpoint":"searchPoisAction","method":"ACTION","status":200,"duration":22,"userId":"user_2tgDROdend9w23lpQezDLR6RHFo","poiCount":1,"radius":1500,"timestamp":"2025-04-20T18:12:30.554Z","environment":"development"}
{"endpoint":"searchPoisAction","method":"ACTION","status":200,"duration":19,"userId":"user_2tgDROdend9w23lpQezDLR6RHFo","poiCount":7,"radius":1500,"timestamp":"2025-04-20T18:12:30.593Z","environment":"development"}
{"endpoint":"geocodeLocationAction","method":"ACTION","status":200,"duration":372,"userId":"user_2tgDROdend9w23lpQezDLR6RHFo","serviceUsed":"LocationIQ","timestamp":"2025-04-20T18:13:28.969Z","environment":"development"}
{"endpoint":"geocodeLocationAction","method":"ACTION","status":200,"duration":20,"userId":"user_2tgDROdend9w23lpQezDLR6RHFo","serviceUsed":"LocationIQ","timestamp":"2025-04-20T18:13:29.015Z","environment":"development"}
{"endpoint":"getRouteAction","method":"ACTION","status":200,"duration":562,"error":"Unknown route action error","userId":"user_2tgDROdend9w23lpQezDLR6RHFo","routeDistance":159605.7,"routeDuration":7495.1,"usedFallback":false,"timestamp":"2025-04-20T18:13:29.637Z","environment":"development"}
{"endpoint":"getAlternateRouteAction","method":"ACTION","status":200,"duration":554,"userId":"user_2tgDROdend9w23lpQezDLR6RHFo","routeDistance":159585.7,"routeDuration":7509.9,"usedFallback":false,"timestamp":"2025-04-20T18:13:30.208Z","environment":"development"}
{"endpoint":"getRouteAction","method":"ACTION","status":200,"duration":59,"error":"Unknown route action error","userId":"user_2tgDROdend9w23lpQezDLR6RHFo","routeDistance":159605.7,"routeDuration":7495.1,"usedFallback":false,"timestamp":"2025-04-20T18:13:30.294Z","environment":"development"}
{"endpoint":"getAlternateRouteAction","method":"ACTION","status":200,"duration":43,"userId":"user_2tgDROdend9w23lpQezDLR6RHFo","routeDistance":159585.7,"routeDuration":7509.9,"usedFallback":false,"timestamp":"2025-04-20T18:13:30.352Z","environment":"development"}
{"endpoint":"searchPoisAction","method":"ACTION","status":200,"duration":1142,"userId":"user_2tgDROdend9w23lpQezDLR6RHFo","poiCount":0,"radius":1500,"timestamp":"2025-04-20T18:13:31.509Z","environment":"development"}
{"endpoint":"searchPoisAction","method":"ACTION","status":200,"duration":585,"userId":"user_2tgDROdend9w23lpQezDLR6RHFo","poiCount":0,"radius":1500,"timestamp":"2025-04-20T18:13:32.124Z","environment":"development"}
{"endpoint":"searchPoisAction","method":"ACTION","status":200,"duration":18,"userId":"user_2tgDROdend9w23lpQezDLR6RHFo","poiCount":0,"radius":1500,"timestamp":"2025-04-20T18:13:32.174Z","environment":"development"}
{"endpoint":"searchPoisAction","method":"ACTION","status":200,"duration":18,"userId":"user_2tgDROdend9w23lpQezDLR6RHFo","poiCount":0,"radius":1500,"timestamp":"2025-04-20T18:13:32.206Z","environment":"development"}
{"endpoint":"geocodeLocationAction","method":"ACTION","status":200,"duration":300,"userId":"user_2tgDROdend9w23lpQezDLR6RHFo","serviceUsed":"LocationIQ","timestamp":"2025-04-20T18:15:49.650Z","environment":"development"}
{"endpoint":"geocodeLocationAction","method":"ACTION","status":200,"duration":48,"userId":"user_2tgDROdend9w23lpQezDLR6RHFo","serviceUsed":"LocationIQ","timestamp":"2025-04-20T18:15:49.725Z","environment":"development"}
{"endpoint":"getRouteAction","method":"ACTION","status":200,"duration":88,"error":"Unknown route action error","userId":"user_2tgDROdend9w23lpQezDLR6RHFo","routeDistance":61618.9,"routeDuration":3482.1,"usedFallback":false,"timestamp":"2025-04-20T18:15:49.906Z","environment":"development"}
{"endpoint":"getAlternateRouteAction","method":"ACTION","status":200,"duration":80,"userId":"user_2tgDROdend9w23lpQezDLR6RHFo","routeDistance":73888.9,"routeDuration":3523.6,"usedFallback":false,"timestamp":"2025-04-20T18:15:50.001Z","environment":"development"}
{"endpoint":"getRouteAction","method":"ACTION","status":200,"duration":47,"error":"Unknown route action error","userId":"user_2tgDROdend9w23lpQezDLR6RHFo","routeDistance":61618.9,"routeDuration":3482.1,"usedFallback":false,"timestamp":"2025-04-20T18:15:50.066Z","environment":"development"}
{"endpoint":"getAlternateRouteAction","method":"ACTION","status":200,"duration":53,"userId":"user_2tgDROdend9w23lpQezDLR6RHFo","routeDistance":73888.9,"routeDuration":3523.6,"usedFallback":false,"timestamp":"2025-04-20T18:15:50.173Z","environment":"development"}
{"endpoint":"searchPoisAction","method":"ACTION","status":200,"duration":49,"userId":"user_2tgDROdend9w23lpQezDLR6RHFo","poiCount":1,"radius":1500,"timestamp":"2025-04-20T18:15:50.237Z","environment":"development"}
{"endpoint":"searchPoisAction","method":"ACTION","status":200,"duration":48,"userId":"user_2tgDROdend9w23lpQezDLR6RHFo","poiCount":7,"radius":1500,"timestamp":"2025-04-20T18:15:50.300Z","environment":"development"}
{"endpoint":"searchPoisAction","method":"ACTION","status":200,"duration":46,"userId":"user_2tgDROdend9w23lpQezDLR6RHFo","poiCount":1,"radius":1500,"timestamp":"2025-04-20T18:15:50.365Z","environment":"development"}
{"endpoint":"searchPoisAction","method":"ACTION","status":200,"duration":48,"userId":"user_2tgDROdend9w23lpQezDLR6RHFo","poiCount":7,"radius":1500,"timestamp":"2025-04-20T18:15:50.428Z","environment":"development"}
{"endpoint":"geocodeLocationAction","method":"ACTION","status":200,"duration":301,"userId":"user_2tgDROdend9w23lpQezDLR6RHFo","serviceUsed":"LocationIQ","timestamp":"2025-04-20T18:16:53.353Z","environment":"development"}
{"endpoint":"geocodeLocationAction","method":"ACTION","status":200,"duration":24,"userId":"user_2tgDROdend9w23lpQezDLR6RHFo","serviceUsed":"LocationIQ","timestamp":"2025-04-20T18:16:53.410Z","environment":"development"}
{"endpoint":"getRouteAction","method":"ACTION","status":200,"duration":69,"error":"Unknown route action error","userId":"user_2tgDROdend9w23lpQezDLR6RHFo","routeDistance":159605.7,"routeDuration":7495.1,"usedFallback":false,"timestamp":"2025-04-20T18:16:53.539Z","environment":"development"}
{"endpoint":"getAlternateRouteAction","method":"ACTION","status":200,"duration":46,"userId":"user_2tgDROdend9w23lpQezDLR6RHFo","routeDistance":159585.7,"routeDuration":7509.9,"usedFallback":false,"timestamp":"2025-04-20T18:16:53.605Z","environment":"development"}
{"endpoint":"getRouteAction","method":"ACTION","status":200,"duration":22,"error":"Unknown route action error","userId":"user_2tgDROdend9w23lpQezDLR6RHFo","routeDistance":159605.7,"routeDuration":7495.1,"usedFallback":false,"timestamp":"2025-04-20T18:16:53.644Z","environment":"development"}
{"endpoint":"getAlternateRouteAction","method":"ACTION","status":200,"duration":25,"userId":"user_2tgDROdend9w23lpQezDLR6RHFo","routeDistance":159585.7,"routeDuration":7509.9,"usedFallback":false,"timestamp":"2025-04-20T18:16:53.686Z","environment":"development"}
{"endpoint":"searchPoisAction","method":"ACTION","status":200,"duration":20,"userId":"user_2tgDROdend9w23lpQezDLR6RHFo","poiCount":0,"radius":1500,"timestamp":"2025-04-20T18:16:53.721Z","environment":"development"}
{"endpoint":"searchPoisAction","method":"ACTION","status":200,"duration":22,"userId":"user_2tgDROdend9w23lpQezDLR6RHFo","poiCount":0,"radius":1500,"timestamp":"2025-04-20T18:16:53.757Z","environment":"development"}
{"endpoint":"searchPoisAction","method":"ACTION","status":200,"duration":22,"userId":"user_2tgDROdend9w23lpQezDLR6RHFo","poiCount":0,"radius":1500,"timestamp":"2025-04-20T18:16:53.793Z","environment":"development"}
{"endpoint":"searchPoisAction","method":"ACTION","status":200,"duration":21,"userId":"user_2tgDROdend9w23lpQezDLR6RHFo","poiCount":0,"radius":1500,"timestamp":"2025-04-20T18:16:53.827Z","environment":"development"}
{"endpoint":"geocodeLocationAction","method":"ACTION","status":200,"duration":221,"userId":"user_2tgDROdend9w23lpQezDLR6RHFo","serviceUsed":"LocationIQ","timestamp":"2025-04-20T18:20:23.148Z","environment":"development"}
{"endpoint":"geocodeLocationAction","method":"ACTION","status":200,"duration":23,"userId":"user_2tgDROdend9w23lpQezDLR6RHFo","serviceUsed":"LocationIQ","timestamp":"2025-04-20T18:20:23.201Z","environment":"development"}
{"endpoint":"getRouteAction","method":"ACTION","status":200,"duration":1050,"error":"Unknown route action error","userId":"user_2tgDROdend9w23lpQezDLR6RHFo","routeDistance":100781.3,"routeDuration":5234.3,"usedFallback":false,"timestamp":"2025-04-20T18:20:24.332Z","environment":"development"}
{"endpoint":"getAlternateRouteAction","method":"ACTION","status":200,"duration":1118,"userId":"user_2tgDROdend9w23lpQezDLR6RHFo","routeDistance":99776.7,"routeDuration":5409.5,"usedFallback":false,"timestamp":"2025-04-20T18:20:25.480Z","environment":"development"}
{"endpoint":"getRouteAction","method":"ACTION","status":200,"duration":66,"error":"Unknown route action error","userId":"user_2tgDROdend9w23lpQezDLR6RHFo","routeDistance":100781.3,"routeDuration":5234.3,"usedFallback":false,"timestamp":"2025-04-20T18:20:25.567Z","environment":"development"}
{"endpoint":"getAlternateRouteAction","method":"ACTION","status":200,"duration":48,"userId":"user_2tgDROdend9w23lpQezDLR6RHFo","routeDistance":99776.7,"routeDuration":5409.5,"usedFallback":false,"timestamp":"2025-04-20T18:20:25.658Z","environment":"development"}
{"endpoint":"searchPoisAction","method":"ACTION","status":200,"duration":997,"userId":"user_2tgDROdend9w23lpQezDLR6RHFo","poiCount":20,"radius":1500,"timestamp":"2025-04-20T18:20:26.671Z","environment":"development"}
{"endpoint":"searchPoisAction","method":"ACTION","status":200,"duration":771,"userId":"user_2tgDROdend9w23lpQezDLR6RHFo","poiCount":20,"radius":1500,"timestamp":"2025-04-20T18:20:27.466Z","environment":"development"}
{"endpoint":"searchPoisAction","method":"ACTION","status":200,"duration":23,"userId":"user_2tgDROdend9w23lpQezDLR6RHFo","poiCount":20,"radius":1500,"timestamp":"2025-04-20T18:20:27.519Z","environment":"development"}
{"endpoint":"searchPoisAction","method":"ACTION","status":200,"duration":23,"userId":"user_2tgDROdend9w23lpQezDLR6RHFo","poiCount":20,"radius":1500,"timestamp":"2025-04-20T18:20:27.562Z","environment":"development"}
{"endpoint":"geocodeLocationAction","method":"ACTION","status":200,"duration":167,"userId":"user_2tgDROdend9w23lpQezDLR6RHFo","serviceUsed":"LocationIQ","timestamp":"2025-04-20T18:21:42.835Z","environment":"development"}
{"endpoint":"geocodeLocationAction","method":"ACTION","status":200,"duration":19,"userId":"user_2tgDROdend9w23lpQezDLR6RHFo","serviceUsed":"LocationIQ","timestamp":"2025-04-20T18:21:42.892Z","environment":"development"}
{"endpoint":"getRouteAction","method":"ACTION","status":200,"duration":741,"error":"Unknown route action error","userId":"user_2tgDROdend9w23lpQezDLR6RHFo","routeDistance":206231.2,"routeDuration":11857.6,"usedFallback":false,"timestamp":"2025-04-20T18:21:43.695Z","environment":"development"}
{"endpoint":"getAlternateRouteAction","method":"ACTION","status":200,"duration":424,"userId":"user_2tgDROdend9w23lpQezDLR6RHFo","routeDistance":253978.8,"routeDuration":12088.5,"usedFallback":false,"timestamp":"2025-04-20T18:21:44.146Z","environment":"development"}
{"endpoint":"getRouteAction","method":"ACTION","status":200,"duration":86,"error":"Unknown route action error","userId":"user_2tgDROdend9w23lpQezDLR6RHFo","routeDistance":206231.2,"routeDuration":11857.6,"usedFallback":false,"timestamp":"2025-04-20T18:21:44.262Z","environment":"development"}
{"endpoint":"getAlternateRouteAction","method":"ACTION","status":200,"duration":49,"userId":"user_2tgDROdend9w23lpQezDLR6RHFo","routeDistance":253978.8,"routeDuration":12088.5,"usedFallback":false,"timestamp":"2025-04-20T18:21:44.330Z","environment":"development"}
{"endpoint":"searchPoisAction","method":"ACTION","status":200,"duration":879,"userId":"user_2tgDROdend9w23lpQezDLR6RHFo","poiCount":20,"radius":1500,"timestamp":"2025-04-20T18:21:45.225Z","environment":"development"}
{"endpoint":"searchPoisAction","method":"ACTION","status":200,"duration":957,"userId":"user_2tgDROdend9w23lpQezDLR6RHFo","poiCount":20,"radius":1500,"timestamp":"2025-04-20T18:21:46.212Z","environment":"development"}
{"endpoint":"searchPoisAction","method":"ACTION","status":200,"duration":22,"userId":"user_2tgDROdend9w23lpQezDLR6RHFo","poiCount":20,"radius":1500,"timestamp":"2025-04-20T18:21:46.267Z","environment":"development"}
{"endpoint":"searchPoisAction","method":"ACTION","status":200,"duration":23,"userId":"user_2tgDROdend9w23lpQezDLR6RHFo","poiCount":20,"radius":1500,"timestamp":"2025-04-20T18:21:46.307Z","environment":"development"}
{"endpoint":"geocodeLocationAction","method":"ACTION","status":200,"duration":81,"userId":"user_2tgDROdend9w23lpQezDLR6RHFo","serviceUsed":"LocationIQ","timestamp":"2025-04-20T18:21:58.600Z","environment":"development"}
{"endpoint":"geocodeLocationAction","method":"ACTION","status":200,"duration":20,"userId":"user_2tgDROdend9w23lpQezDLR6RHFo","serviceUsed":"LocationIQ","timestamp":"2025-04-20T18:21:58.655Z","environment":"development"}
{"endpoint":"getRouteAction","method":"ACTION","status":200,"duration":62,"error":"Unknown route action error","userId":"user_2tgDROdend9w23lpQezDLR6RHFo","routeDistance":159605.7,"routeDuration":7495.1,"usedFallback":false,"timestamp":"2025-04-20T18:21:58.768Z","environment":"development"}
{"endpoint":"getAlternateRouteAction","method":"ACTION","status":200,"duration":46,"userId":"user_2tgDROdend9w23lpQezDLR6RHFo","routeDistance":159585.7,"routeDuration":7509.9,"usedFallback":false,"timestamp":"2025-04-20T18:21:58.844Z","environment":"development"}
{"endpoint":"getRouteAction","method":"ACTION","status":200,"duration":25,"error":"Unknown route action error","userId":"user_2tgDROdend9w23lpQezDLR6RHFo","routeDistance":159605.7,"routeDuration":7495.1,"usedFallback":false,"timestamp":"2025-04-20T18:21:58.880Z","environment":"development"}
{"endpoint":"getAlternateRouteAction","method":"ACTION","status":200,"duration":24,"userId":"user_2tgDROdend9w23lpQezDLR6RHFo","routeDistance":159585.7,"routeDuration":7509.9,"usedFallback":false,"timestamp":"2025-04-20T18:21:58.918Z","environment":"development"}
{"endpoint":"searchPoisAction","method":"ACTION","status":200,"duration":20,"userId":"user_2tgDROdend9w23lpQezDLR6RHFo","poiCount":0,"radius":1500,"timestamp":"2025-04-20T18:21:58.951Z","environment":"development"}
{"endpoint":"searchPoisAction","method":"ACTION","status":200,"duration":20,"userId":"user_2tgDROdend9w23lpQezDLR6RHFo","poiCount":0,"radius":1500,"timestamp":"2025-04-20T18:21:58.985Z","environment":"development"}
{"endpoint":"searchPoisAction","method":"ACTION","status":200,"duration":20,"userId":"user_2tgDROdend9w23lpQezDLR6RHFo","poiCount":0,"radius":1500,"timestamp":"2025-04-20T18:21:59.020Z","environment":"development"}
{"endpoint":"searchPoisAction","method":"ACTION","status":200,"duration":18,"userId":"user_2tgDROdend9w23lpQezDLR6RHFo","poiCount":0,"radius":1500,"timestamp":"2025-04-20T18:21:59.049Z","environment":"development"}
{"endpoint":"geocodeLocationAction","method":"ACTION","status":200,"duration":179,"userId":"user_2tgDROdend9w23lpQezDLR6RHFo","serviceUsed":"LocationIQ","timestamp":"2025-04-20T18:28:02.224Z","environment":"development"}
{"endpoint":"geocodeLocationAction","method":"ACTION","status":200,"duration":22,"userId":"user_2tgDROdend9w23lpQezDLR6RHFo","serviceUsed":"LocationIQ","timestamp":"2025-04-20T18:28:02.276Z","environment":"development"}
{"endpoint":"getRouteAction","method":"ACTION","status":200,"duration":66,"error":"Unknown route action error","userId":"user_2tgDROdend9w23lpQezDLR6RHFo","routeDistance":159605.7,"routeDuration":7495.1,"usedFallback":false,"timestamp":"2025-04-20T18:28:02.703Z","environment":"development"}
{"endpoint":"getAlternateRouteAction","method":"ACTION","status":200,"duration":44,"userId":"user_2tgDROdend9w23lpQezDLR6RHFo","routeDistance":159585.7,"routeDuration":7509.9,"usedFallback":false,"timestamp":"2025-04-20T18:28:02.766Z","environment":"development"}
{"endpoint":"getRouteAction","method":"ACTION","status":200,"duration":20,"error":"Unknown route action error","userId":"user_2tgDROdend9w23lpQezDLR6RHFo","routeDistance":159605.7,"routeDuration":7495.1,"usedFallback":false,"timestamp":"2025-04-20T18:28:02.802Z","environment":"development"}
{"endpoint":"getAlternateRouteAction","method":"ACTION","status":200,"duration":25,"userId":"user_2tgDROdend9w23lpQezDLR6RHFo","routeDistance":159585.7,"routeDuration":7509.9,"usedFallback":false,"timestamp":"2025-04-20T18:28:02.876Z","environment":"development"}
{"endpoint":"searchPoisAction","method":"ACTION","status":200,"duration":21,"userId":"user_2tgDROdend9w23lpQezDLR6RHFo","poiCount":0,"radius":1500,"timestamp":"2025-04-20T18:28:02.911Z","environment":"development"}
{"endpoint":"searchPoisAction","method":"ACTION","status":200,"duration":22,"userId":"user_2tgDROdend9w23lpQezDLR6RHFo","poiCount":0,"radius":1500,"timestamp":"2025-04-20T18:28:02.944Z","environment":"development"}
{"endpoint":"searchPoisAction","method":"ACTION","status":200,"duration":20,"userId":"user_2tgDROdend9w23lpQezDLR6RHFo","poiCount":0,"radius":1500,"timestamp":"2025-04-20T18:28:02.976Z","environment":"development"}
{"endpoint":"searchPoisAction","method":"ACTION","status":200,"duration":21,"userId":"user_2tgDROdend9w23lpQezDLR6RHFo","poiCount":0,"radius":1500,"timestamp":"2025-04-20T18:28:03.016Z","environment":"development"}
{"endpoint":"searchPoisAction","method":"ACTION","status":200,"duration":4811,"userId":"user_2tgDROdend9w23lpQezDLR6RHFo","poiCount":20,"radius":3000,"timestamp":"2025-04-20T18:28:07.837Z","environment":"development"}
{"endpoint":"searchPoisAction","method":"ACTION","status":200,"duration":5637,"userId":"user_2tgDROdend9w23lpQezDLR6RHFo","poiCount":20,"radius":3000,"timestamp":"2025-04-20T18:28:13.511Z","environment":"development"}
{"endpoint":"searchPoisAction","method":"ACTION","status":200,"duration":64,"userId":"user_2tgDROdend9w23lpQezDLR6RHFo","poiCount":20,"radius":3000,"timestamp":"2025-04-20T18:28:13.598Z","environment":"development"}
{"endpoint":"searchPoisAction","method":"ACTION","status":200,"duration":26,"userId":"user_2tgDROdend9w23lpQezDLR6RHFo","poiCount":20,"radius":3000,"timestamp":"2025-04-20T18:28:13.640Z","environment":"development"}
{"endpoint":"geocodeLocationAction","method":"ACTION","status":200,"duration":224,"userId":"user_2tgDROdend9w23lpQezDLR6RHFo","serviceUsed":"LocationIQ","timestamp":"2025-04-20T18:30:25.661Z","environment":"development"}
{"endpoint":"geocodeLocationAction","method":"ACTION","status":200,"duration":21,"userId":"user_2tgDROdend9w23lpQezDLR6RHFo","serviceUsed":"LocationIQ","timestamp":"2025-04-20T18:30:25.711Z","environment":"development"}
{"endpoint":"getRouteAction","method":"ACTION","status":200,"duration":64,"error":"Unknown route action error","userId":"user_2tgDROdend9w23lpQezDLR6RHFo","routeDistance":159605.7,"routeDuration":7495.1,"usedFallback":false,"timestamp":"2025-04-20T18:30:25.875Z","environment":"development"}
{"endpoint":"getAlternateRouteAction","method":"ACTION","status":200,"duration":45,"userId":"user_2tgDROdend9w23lpQezDLR6RHFo","routeDistance":159585.7,"routeDuration":7509.9,"usedFallback":false,"timestamp":"2025-04-20T18:30:25.947Z","environment":"development"}
{"endpoint":"getRouteAction","method":"ACTION","status":200,"duration":21,"error":"Unknown route action error","userId":"user_2tgDROdend9w23lpQezDLR6RHFo","routeDistance":159605.7,"routeDuration":7495.1,"usedFallback":false,"timestamp":"2025-04-20T18:30:25.982Z","environment":"development"}
{"endpoint":"getAlternateRouteAction","method":"ACTION","status":200,"duration":22,"userId":"user_2tgDROdend9w23lpQezDLR6RHFo","routeDistance":159585.7,"routeDuration":7509.9,"usedFallback":false,"timestamp":"2025-04-20T18:30:26.059Z","environment":"development"}
{"endpoint":"searchPoisAction","method":"ACTION","status":200,"duration":22,"userId":"user_2tgDROdend9w23lpQezDLR6RHFo","poiCount":20,"radius":3000,"timestamp":"2025-04-20T18:30:26.094Z","environment":"development"}
{"endpoint":"searchPoisAction","method":"ACTION","status":200,"duration":22,"userId":"user_2tgDROdend9w23lpQezDLR6RHFo","poiCount":20,"radius":3000,"timestamp":"2025-04-20T18:30:26.127Z","environment":"development"}
{"endpoint":"searchPoisAction","method":"ACTION","status":200,"duration":24,"userId":"user_2tgDROdend9w23lpQezDLR6RHFo","poiCount":20,"radius":3000,"timestamp":"2025-04-20T18:30:26.159Z","environment":"development"}
{"endpoint":"searchPoisAction","method":"ACTION","status":200,"duration":21,"userId":"user_2tgDROdend9w23lpQezDLR6RHFo","poiCount":20,"radius":3000,"timestamp":"2025-04-20T18:30:26.190Z","environment":"development"}
{"endpoint":"geocodeLocationAction","method":"ACTION","status":200,"duration":84,"userId":"user_2tgDROdend9w23lpQezDLR6RHFo","serviceUsed":"LocationIQ","timestamp":"2025-04-20T18:30:38.115Z","environment":"development"}
{"endpoint":"geocodeLocationAction","method":"ACTION","status":200,"duration":21,"userId":"user_2tgDROdend9w23lpQezDLR6RHFo","serviceUsed":"LocationIQ","timestamp":"2025-04-20T18:30:38.158Z","environment":"development"}
{"endpoint":"getRouteAction","method":"ACTION","status":200,"duration":98,"error":"Unknown route action error","userId":"user_2tgDROdend9w23lpQezDLR6RHFo","routeDistance":206231.2,"routeDuration":11857.6,"usedFallback":false,"timestamp":"2025-04-20T18:30:38.312Z","environment":"development"}
{"endpoint":"getAlternateRouteAction","method":"ACTION","status":200,"duration":55,"userId":"user_2tgDROdend9w23lpQezDLR6RHFo","routeDistance":253978.8,"routeDuration":12088.5,"usedFallback":false,"timestamp":"2025-04-20T18:30:38.388Z","environment":"development"}
{"endpoint":"getRouteAction","method":"ACTION","status":200,"duration":30,"error":"Unknown route action error","userId":"user_2tgDROdend9w23lpQezDLR6RHFo","routeDistance":206231.2,"routeDuration":11857.6,"usedFallback":false,"timestamp":"2025-04-20T18:30:38.436Z","environment":"development"}
{"endpoint":"getAlternateRouteAction","method":"ACTION","status":200,"duration":33,"userId":"user_2tgDROdend9w23lpQezDLR6RHFo","routeDistance":253978.8,"routeDuration":12088.5,"usedFallback":false,"timestamp":"2025-04-20T18:30:38.488Z","environment":"development"}
{"endpoint":"searchPoisAction","method":"ACTION","status":200,"duration":6549,"userId":"user_2tgDROdend9w23lpQezDLR6RHFo","poiCount":20,"radius":3000,"timestamp":"2025-04-20T18:30:45.051Z","environment":"development"}
{"endpoint":"searchPoisAction","method":"ACTION","status":200,"duration":4519,"userId":"user_2tgDROdend9w23lpQezDLR6RHFo","poiCount":20,"radius":3000,"timestamp":"2025-04-20T18:30:49.600Z","environment":"development"}
{"endpoint":"searchPoisAction","method":"ACTION","status":200,"duration":43,"userId":"user_2tgDROdend9w23lpQezDLR6RHFo","poiCount":20,"radius":3000,"timestamp":"2025-04-20T18:30:49.676Z","environment":"development"}
{"endpoint":"searchPoisAction","method":"ACTION","status":200,"duration":41,"userId":"user_2tgDROdend9w23lpQezDLR6RHFo","poiCount":20,"radius":3000,"timestamp":"2025-04-20T18:30:49.733Z","environment":"development"}
{"endpoint":"geocodeLocationAction","method":"ACTION","status":200,"duration":160,"userId":"user_2tgDROdend9w23lpQezDLR6RHFo","serviceUsed":"LocationIQ","timestamp":"2025-04-20T18:31:12.968Z","environment":"development"}
{"endpoint":"geocodeLocationAction","method":"ACTION","status":200,"duration":22,"userId":"user_2tgDROdend9w23lpQezDLR6RHFo","serviceUsed":"LocationIQ","timestamp":"2025-04-20T18:31:13.020Z","environment":"development"}
{"endpoint":"getRouteAction","method":"ACTION","status":200,"duration":62,"error":"Unknown route action error","userId":"user_2tgDROdend9w23lpQezDLR6RHFo","routeDistance":100781.3,"routeDuration":5234.3,"usedFallback":false,"timestamp":"2025-04-20T18:31:13.137Z","environment":"development"}
{"endpoint":"getAlternateRouteAction","method":"ACTION","status":200,"duration":42,"userId":"user_2tgDROdend9w23lpQezDLR6RHFo","routeDistance":99776.7,"routeDuration":5409.5,"usedFallback":false,"timestamp":"2025-04-20T18:31:13.194Z","environment":"development"}
{"endpoint":"getRouteAction","method":"ACTION","status":200,"duration":25,"error":"Unknown route action error","userId":"user_2tgDROdend9w23lpQezDLR6RHFo","routeDistance":100781.3,"routeDuration":5234.3,"usedFallback":false,"timestamp":"2025-04-20T18:31:13.234Z","environment":"development"}
{"endpoint":"getAlternateRouteAction","method":"ACTION","status":200,"duration":29,"userId":"user_2tgDROdend9w23lpQezDLR6RHFo","routeDistance":99776.7,"routeDuration":5409.5,"usedFallback":false,"timestamp":"2025-04-20T18:31:13.275Z","environment":"development"}
{"endpoint":"searchPoisAction","method":"ACTION","status":200,"duration":5968,"userId":"user_2tgDROdend9w23lpQezDLR6RHFo","poiCount":20,"radius":3000,"timestamp":"2025-04-20T18:31:19.254Z","environment":"development"}
{"endpoint":"searchPoisAction","method":"ACTION","status":200,"duration":5433,"userId":"user_2tgDROdend9w23lpQezDLR6RHFo","poiCount":20,"radius":3000,"timestamp":"2025-04-20T18:31:24.709Z","environment":"development"}
{"endpoint":"searchPoisAction","method":"ACTION","status":200,"duration":88,"userId":"user_2tgDROdend9w23lpQezDLR6RHFo","poiCount":20,"radius":3000,"timestamp":"2025-04-20T18:31:24.824Z","environment":"development"}
{"endpoint":"searchPoisAction","method":"ACTION","status":200,"duration":47,"userId":"user_2tgDROdend9w23lpQezDLR6RHFo","poiCount":20,"radius":3000,"timestamp":"2025-04-20T18:31:24.889Z","environment":"development"}
{"endpoint":"geocodeLocationAction","method":"ACTION","status":200,"duration":170,"userId":"user_2tgDROdend9w23lpQezDLR6RHFo","serviceUsed":"LocationIQ","timestamp":"2025-04-20T18:36:09.665Z","environment":"development"}
{"endpoint":"geocodeLocationAction","method":"ACTION","status":200,"duration":344,"userId":"user_2tgDROdend9w23lpQezDLR6RHFo","serviceUsed":"LocationIQ","timestamp":"2025-04-20T18:36:10.045Z","environment":"development"}
{"endpoint":"getRouteAction","method":"ACTION","status":200,"duration":549,"error":"Unknown route action error","userId":"user_2tgDROdend9w23lpQezDLR6RHFo","routeDistance":89187.6,"routeDuration":4945.4,"usedFallback":false,"timestamp":"2025-04-20T18:36:10.690Z","environment":"development"}
{"endpoint":"getAlternateRouteAction","method":"ACTION","status":200,"duration":509,"userId":"user_2tgDROdend9w23lpQezDLR6RHFo","routeDistance":95515.7,"routeDuration":5150.3,"usedFallback":false,"timestamp":"2025-04-20T18:36:11.224Z","environment":"development"}
{"endpoint":"getRouteAction","method":"ACTION","status":200,"duration":60,"error":"Unknown route action error","userId":"user_2tgDROdend9w23lpQezDLR6RHFo","routeDistance":89187.6,"routeDuration":4945.4,"usedFallback":false,"timestamp":"2025-04-20T18:36:11.310Z","environment":"development"}
{"endpoint":"getAlternateRouteAction","method":"ACTION","status":200,"duration":44,"userId":"user_2tgDROdend9w23lpQezDLR6RHFo","routeDistance":95515.7,"routeDuration":5150.3,"usedFallback":false,"timestamp":"2025-04-20T18:36:11.367Z","environment":"development"}
{"endpoint":"searchPoisAction","method":"ACTION","status":200,"duration":6567,"userId":"user_2tgDROdend9w23lpQezDLR6RHFo","poiCount":20,"radius":3000,"timestamp":"2025-04-20T18:36:17.954Z","environment":"development"}
{"endpoint":"searchPoisAction","method":"ACTION","status":200,"duration":5200,"userId":"user_2tgDROdend9w23lpQezDLR6RHFo","poiCount":20,"radius":3000,"timestamp":"2025-04-20T18:36:23.185Z","environment":"development"}
{"endpoint":"searchPoisAction","method":"ACTION","status":200,"duration":87,"userId":"user_2tgDROdend9w23lpQezDLR6RHFo","poiCount":20,"radius":3000,"timestamp":"2025-04-20T18:36:23.303Z","environment":"development"}
{"endpoint":"searchPoisAction","method":"ACTION","status":200,"duration":25,"userId":"user_2tgDROdend9w23lpQezDLR6RHFo","poiCount":20,"radius":3000,"timestamp":"2025-04-20T18:36:23.345Z","environment":"development"}
{"endpoint":"geocodeLocationAction","method":"ACTION","status":200,"duration":191,"userId":"user_2tgDROdend9w23lpQezDLR6RHFo","serviceUsed":"LocationIQ","timestamp":"2025-04-20T18:38:16.841Z","environment":"development"}
{"endpoint":"geocodeLocationAction","method":"ACTION","status":200,"duration":23,"userId":"user_2tgDROdend9w23lpQezDLR6RHFo","serviceUsed":"LocationIQ","timestamp":"2025-04-20T18:38:16.894Z","environment":"development"}
{"endpoint":"getRouteAction","method":"ACTION","status":200,"duration":67,"error":"Unknown route action error","userId":"user_2tgDROdend9w23lpQezDLR6RHFo","routeDistance":159605.7,"routeDuration":7495.1,"usedFallback":false,"timestamp":"2025-04-20T18:38:17.058Z","environment":"development"}
{"endpoint":"getAlternateRouteAction","method":"ACTION","status":200,"duration":42,"userId":"user_2tgDROdend9w23lpQezDLR6RHFo","routeDistance":159585.7,"routeDuration":7509.9,"usedFallback":false,"timestamp":"2025-04-20T18:38:17.116Z","environment":"development"}
{"endpoint":"getRouteAction","method":"ACTION","status":200,"duration":25,"error":"Unknown route action error","userId":"user_2tgDROdend9w23lpQezDLR6RHFo","routeDistance":159605.7,"routeDuration":7495.1,"usedFallback":false,"timestamp":"2025-04-20T18:38:17.157Z","environment":"development"}
{"endpoint":"getAlternateRouteAction","method":"ACTION","status":200,"duration":28,"userId":"user_2tgDROdend9w23lpQezDLR6RHFo","routeDistance":159585.7,"routeDuration":7509.9,"usedFallback":false,"timestamp":"2025-04-20T18:38:17.226Z","environment":"development"}
{"endpoint":"searchPoisAction","method":"ACTION","status":200,"duration":6129,"userId":"user_2tgDROdend9w23lpQezDLR6RHFo","poiCount":20,"radius":2250,"timestamp":"2025-04-20T18:38:23.367Z","environment":"development"}
{"endpoint":"searchPoisAction","method":"ACTION","status":200,"duration":4447,"userId":"user_2tgDROdend9w23lpQezDLR6RHFo","poiCount":20,"radius":2250,"timestamp":"2025-04-20T18:38:27.850Z","environment":"development"}
{"endpoint":"searchPoisAction","method":"ACTION","status":200,"duration":46,"userId":"user_2tgDROdend9w23lpQezDLR6RHFo","poiCount":20,"radius":2250,"timestamp":"2025-04-20T18:38:27.929Z","environment":"development"}
{"endpoint":"searchPoisAction","method":"ACTION","status":200,"duration":25,"userId":"user_2tgDROdend9w23lpQezDLR6RHFo","poiCount":20,"radius":2250,"timestamp":"2025-04-20T18:38:27.972Z","environment":"development"}
{"endpoint":"geocodeLocationAction","method":"ACTION","status":200,"duration":163,"userId":"user_2tgDROdend9w23lpQezDLR6RHFo","serviceUsed":"LocationIQ","timestamp":"2025-04-20T18:38:39.075Z","environment":"development"}
{"endpoint":"geocodeLocationAction","method":"ACTION","status":200,"duration":23,"userId":"user_2tgDROdend9w23lpQezDLR6RHFo","serviceUsed":"LocationIQ","timestamp":"2025-04-20T18:38:39.131Z","environment":"development"}
{"endpoint":"getRouteAction","method":"ACTION","status":200,"duration":71,"error":"Unknown route action error","userId":"user_2tgDROdend9w23lpQezDLR6RHFo","routeDistance":100781.3,"routeDuration":5234.3,"usedFallback":false,"timestamp":"2025-04-20T18:38:39.260Z","environment":"development"}
{"endpoint":"getAlternateRouteAction","method":"ACTION","status":200,"duration":65,"userId":"user_2tgDROdend9w23lpQezDLR6RHFo","routeDistance":99776.7,"routeDuration":5409.5,"usedFallback":false,"timestamp":"2025-04-20T18:38:39.343Z","environment":"development"}
{"endpoint":"getRouteAction","method":"ACTION","status":200,"duration":26,"error":"Unknown route action error","userId":"user_2tgDROdend9w23lpQezDLR6RHFo","routeDistance":100781.3,"routeDuration":5234.3,"usedFallback":false,"timestamp":"2025-04-20T18:38:39.385Z","environment":"development"}
{"endpoint":"getAlternateRouteAction","method":"ACTION","status":200,"duration":29,"userId":"user_2tgDROdend9w23lpQezDLR6RHFo","routeDistance":99776.7,"routeDuration":5409.5,"usedFallback":false,"timestamp":"2025-04-20T18:38:39.427Z","environment":"development"}
{"endpoint":"searchPoisAction","method":"ACTION","status":200,"duration":5531,"userId":"user_2tgDROdend9w23lpQezDLR6RHFo","poiCount":20,"radius":2250,"timestamp":"2025-04-20T18:38:44.972Z","environment":"development"}
{"endpoint":"searchPoisAction","method":"ACTION","status":200,"duration":4586,"userId":"user_2tgDROdend9w23lpQezDLR6RHFo","poiCount":20,"radius":2250,"timestamp":"2025-04-20T18:38:49.592Z","environment":"development"}
{"endpoint":"searchPoisAction","method":"ACTION","status":200,"duration":67,"userId":"user_2tgDROdend9w23lpQezDLR6RHFo","poiCount":20,"radius":2250,"timestamp":"2025-04-20T18:38:49.689Z","environment":"development"}
{"endpoint":"searchPoisAction","method":"ACTION","status":200,"duration":46,"userId":"user_2tgDROdend9w23lpQezDLR6RHFo","poiCount":20,"radius":2250,"timestamp":"2025-04-20T18:38:49.754Z","environment":"development"}
{"endpoint":"geocodeLocationAction","method":"ACTION","status":200,"duration":237,"userId":"user_2tgDROdend9w23lpQezDLR6RHFo","serviceUsed":"LocationIQ","timestamp":"2025-04-20T18:40:33.403Z","environment":"development"}
{"endpoint":"geocodeLocationAction","method":"ACTION","status":200,"duration":22,"userId":"user_2tgDROdend9w23lpQezDLR6RHFo","serviceUsed":"LocationIQ","timestamp":"2025-04-20T18:40:33.460Z","environment":"development"}
{"endpoint":"getRouteAction","method":"ACTION","status":200,"duration":68,"error":"Unknown route action error","userId":"user_2tgDROdend9w23lpQezDLR6RHFo","routeDistance":159605.7,"routeDuration":7495.1,"usedFallback":false,"timestamp":"2025-04-20T18:40:33.598Z","environment":"development"}
{"endpoint":"getAlternateRouteAction","method":"ACTION","status":200,"duration":60,"userId":"user_2tgDROdend9w23lpQezDLR6RHFo","routeDistance":159585.7,"routeDuration":7509.9,"usedFallback":false,"timestamp":"2025-04-20T18:40:33.678Z","environment":"development"}
{"endpoint":"getRouteAction","method":"ACTION","status":200,"duration":24,"error":"Unknown route action error","userId":"user_2tgDROdend9w23lpQezDLR6RHFo","routeDistance":159605.7,"routeDuration":7495.1,"usedFallback":false,"timestamp":"2025-04-20T18:40:33.717Z","environment":"development"}
{"endpoint":"getAlternateRouteAction","method":"ACTION","status":200,"duration":25,"userId":"user_2tgDROdend9w23lpQezDLR6RHFo","routeDistance":159585.7,"routeDuration":7509.9,"usedFallback":false,"timestamp":"2025-04-20T18:40:33.754Z","environment":"development"}
{"endpoint":"searchPoisAction","method":"ACTION","status":200,"duration":23,"userId":"user_2tgDROdend9w23lpQezDLR6RHFo","poiCount":20,"radius":2250,"timestamp":"2025-04-20T18:40:33.791Z","environment":"development"}
{"endpoint":"searchPoisAction","method":"ACTION","status":200,"duration":20,"userId":"user_2tgDROdend9w23lpQezDLR6RHFo","poiCount":20,"radius":2250,"timestamp":"2025-04-20T18:40:33.823Z","environment":"development"}
{"endpoint":"searchPoisAction","method":"ACTION","status":200,"duration":20,"userId":"user_2tgDROdend9w23lpQezDLR6RHFo","poiCount":20,"radius":2250,"timestamp":"2025-04-20T18:40:33.855Z","environment":"development"}
{"endpoint":"searchPoisAction","method":"ACTION","status":200,"duration":21,"userId":"user_2tgDROdend9w23lpQezDLR6RHFo","poiCount":20,"radius":2250,"timestamp":"2025-04-20T18:40:33.887Z","environment":"development"}
{"endpoint":"geocodeLocationAction","method":"ACTION","status":200,"duration":68,"userId":"user_2tgDROdend9w23lpQezDLR6RHFo","serviceUsed":"LocationIQ","timestamp":"2025-04-20T18:40:45.332Z","environment":"development"}
{"endpoint":"geocodeLocationAction","method":"ACTION","status":200,"duration":21,"userId":"user_2tgDROdend9w23lpQezDLR6RHFo","serviceUsed":"LocationIQ","timestamp":"2025-04-20T18:40:45.378Z","environment":"development"}
{"endpoint":"getRouteAction","method":"ACTION","status":200,"duration":87,"error":"Unknown route action error","userId":"user_2tgDROdend9w23lpQezDLR6RHFo","routeDistance":206231.2,"routeDuration":11857.6,"usedFallback":false,"timestamp":"2025-04-20T18:40:45.510Z","environment":"development"}
{"endpoint":"getAlternateRouteAction","method":"ACTION","status":200,"duration":51,"userId":"user_2tgDROdend9w23lpQezDLR6RHFo","routeDistance":253978.8,"routeDuration":12088.5,"usedFallback":false,"timestamp":"2025-04-20T18:40:45.583Z","environment":"development"}
{"endpoint":"getRouteAction","method":"ACTION","status":200,"duration":28,"error":"Unknown route action error","userId":"user_2tgDROdend9w23lpQezDLR6RHFo","routeDistance":206231.2,"routeDuration":11857.6,"usedFallback":false,"timestamp":"2025-04-20T18:40:45.631Z","environment":"development"}
{"endpoint":"getAlternateRouteAction","method":"ACTION","status":200,"duration":28,"userId":"user_2tgDROdend9w23lpQezDLR6RHFo","routeDistance":253978.8,"routeDuration":12088.5,"usedFallback":false,"timestamp":"2025-04-20T18:40:45.675Z","environment":"development"}
{"endpoint":"searchPoisAction","method":"ACTION","status":200,"duration":5790,"userId":"user_2tgDROdend9w23lpQezDLR6RHFo","poiCount":20,"radius":2250,"timestamp":"2025-04-20T18:40:51.479Z","environment":"development"}
{"endpoint":"searchPoisAction","method":"ACTION","status":200,"duration":9248,"userId":"user_2tgDROdend9w23lpQezDLR6RHFo","poiCount":20,"radius":2250,"timestamp":"2025-04-20T18:41:00.763Z","environment":"development"}
{"endpoint":"searchPoisAction","method":"ACTION","status":200,"duration":21,"userId":"user_2tgDROdend9w23lpQezDLR6RHFo","poiCount":20,"radius":2250,"timestamp":"2025-04-20T18:41:00.815Z","environment":"development"}
{"endpoint":"searchPoisAction","method":"ACTION","status":200,"duration":23,"userId":"user_2tgDROdend9w23lpQezDLR6RHFo","poiCount":20,"radius":2250,"timestamp":"2025-04-20T18:41:00.856Z","environment":"development"}
{"endpoint":"geocodeLocationAction","method":"ACTION","status":200,"duration":119,"userId":"user_2tgDROdend9w23lpQezDLR6RHFo","serviceUsed":"LocationIQ","timestamp":"2025-04-20T18:42:14.708Z","environment":"development"}
{"endpoint":"geocodeLocationAction","method":"ACTION","status":200,"duration":21,"userId":"user_2tgDROdend9w23lpQezDLR6RHFo","serviceUsed":"LocationIQ","timestamp":"2025-04-20T18:42:14.750Z","environment":"development"}
{"endpoint":"getRouteAction","method":"ACTION","status":200,"duration":66,"error":"Unknown route action error","userId":"user_2tgDROdend9w23lpQezDLR6RHFo","routeDistance":163926.5,"routeDuration":9172.7,"usedFallback":false,"timestamp":"2025-04-20T18:42:14.882Z","environment":"development"}
{"endpoint":"getAlternateRouteAction","method":"ACTION","status":200,"duration":46,"userId":"user_2tgDROdend9w23lpQezDLR6RHFo","routeDistance":176373.8,"routeDuration":9485.1,"usedFallback":false,"timestamp":"2025-04-20T18:42:14.951Z","environment":"development"}
{"endpoint":"getRouteAction","method":"ACTION","status":200,"duration":25,"error":"Unknown route action error","userId":"user_2tgDROdend9w23lpQezDLR6RHFo","routeDistance":163926.5,"routeDuration":9172.7,"usedFallback":false,"timestamp":"2025-04-20T18:42:14.989Z","environment":"development"}
{"endpoint":"getAlternateRouteAction","method":"ACTION","status":200,"duration":25,"userId":"user_2tgDROdend9w23lpQezDLR6RHFo","routeDistance":176373.8,"routeDuration":9485.1,"usedFallback":false,"timestamp":"2025-04-20T18:42:15.075Z","environment":"development"}
{"endpoint":"searchPoisAction","method":"ACTION","status":200,"duration":1251,"userId":"user_2tgDROdend9w23lpQezDLR6RHFo","poiCount":20,"radius":1850,"timestamp":"2025-04-20T18:42:16.346Z","environment":"development"}
{"endpoint":"searchPoisAction","method":"ACTION","status":200,"duration":878,"userId":"user_2tgDROdend9w23lpQezDLR6RHFo","poiCount":20,"radius":1850,"timestamp":"2025-04-20T18:42:17.253Z","environment":"development"}
{"endpoint":"searchPoisAction","method":"ACTION","status":200,"duration":24,"userId":"user_2tgDROdend9w23lpQezDLR6RHFo","poiCount":20,"radius":1850,"timestamp":"2025-04-20T18:42:17.293Z","environment":"development"}
{"endpoint":"searchPoisAction","method":"ACTION","status":200,"duration":23,"userId":"user_2tgDROdend9w23lpQezDLR6RHFo","poiCount":20,"radius":1850,"timestamp":"2025-04-20T18:42:17.329Z","environment":"development"}
{"endpoint":"geocodeLocationAction","method":"ACTION","status":200,"duration":71,"userId":"user_2tgDROdend9w23lpQezDLR6RHFo","serviceUsed":"LocationIQ","timestamp":"2025-04-20T18:42:27.172Z","environment":"development"}
{"endpoint":"geocodeLocationAction","method":"ACTION","status":200,"duration":19,"userId":"user_2tgDROdend9w23lpQezDLR6RHFo","serviceUsed":"LocationIQ","timestamp":"2025-04-20T18:42:27.221Z","environment":"development"}
{"endpoint":"getRouteAction","method":"ACTION","status":200,"duration":66,"error":"Unknown route action error","userId":"user_2tgDROdend9w23lpQezDLR6RHFo","routeDistance":159605.7,"routeDuration":7495.1,"usedFallback":false,"timestamp":"2025-04-20T18:42:27.338Z","environment":"development"}
{"endpoint":"getAlternateRouteAction","method":"ACTION","status":200,"duration":47,"userId":"user_2tgDROdend9w23lpQezDLR6RHFo","routeDistance":159585.7,"routeDuration":7509.9,"usedFallback":false,"timestamp":"2025-04-20T18:42:27.399Z","environment":"development"}
{"endpoint":"getRouteAction","method":"ACTION","status":200,"duration":22,"error":"Unknown route action error","userId":"user_2tgDROdend9w23lpQezDLR6RHFo","routeDistance":159605.7,"routeDuration":7495.1,"usedFallback":false,"timestamp":"2025-04-20T18:42:27.437Z","environment":"development"}
{"endpoint":"getAlternateRouteAction","method":"ACTION","status":200,"duration":27,"userId":"user_2tgDROdend9w23lpQezDLR6RHFo","routeDistance":159585.7,"routeDuration":7509.9,"usedFallback":false,"timestamp":"2025-04-20T18:42:27.476Z","environment":"development"}
{"endpoint":"searchPoisAction","method":"ACTION","status":200,"duration":936,"userId":"user_2tgDROdend9w23lpQezDLR6RHFo","poiCount":11,"radius":1850,"timestamp":"2025-04-20T18:42:28.426Z","environment":"development"}
{"endpoint":"searchPoisAction","method":"ACTION","status":200,"duration":621,"userId":"user_2tgDROdend9w23lpQezDLR6RHFo","poiCount":12,"radius":1850,"timestamp":"2025-04-20T18:42:29.072Z","environment":"development"}
{"endpoint":"searchPoisAction","method":"ACTION","status":200,"duration":22,"userId":"user_2tgDROdend9w23lpQezDLR6RHFo","poiCount":11,"radius":1850,"timestamp":"2025-04-20T18:42:29.116Z","environment":"development"}
{"endpoint":"searchPoisAction","method":"ACTION","status":200,"duration":23,"userId":"user_2tgDROdend9w23lpQezDLR6RHFo","poiCount":12,"radius":1850,"timestamp":"2025-04-20T18:42:29.156Z","environment":"development"}
{"endpoint":"geocodeLocationAction","method":"ACTION","status":200,"duration":109,"userId":"user_2tgDROdend9w23lpQezDLR6RHFo","serviceUsed":"LocationIQ","timestamp":"2025-04-20T18:43:56.188Z","environment":"development"}
{"endpoint":"geocodeLocationAction","method":"ACTION","status":200,"duration":22,"userId":"user_2tgDROdend9w23lpQezDLR6RHFo","serviceUsed":"LocationIQ","timestamp":"2025-04-20T18:43:56.235Z","environment":"development"}
{"endpoint":"getRouteAction","method":"ACTION","status":200,"duration":61,"error":"Unknown route action error","userId":"user_2tgDROdend9w23lpQezDLR6RHFo","routeDistance":159605.7,"routeDuration":7495.1,"usedFallback":false,"timestamp":"2025-04-20T18:43:56.382Z","environment":"development"}
{"endpoint":"getAlternateRouteAction","method":"ACTION","status":200,"duration":45,"userId":"user_2tgDROdend9w23lpQezDLR6RHFo","routeDistance":159585.7,"routeDuration":7509.9,"usedFallback":false,"timestamp":"2025-04-20T18:43:56.466Z","environment":"development"}
{"endpoint":"getRouteAction","method":"ACTION","status":200,"duration":21,"error":"Unknown route action error","userId":"user_2tgDROdend9w23lpQezDLR6RHFo","routeDistance":159605.7,"routeDuration":7495.1,"usedFallback":false,"timestamp":"2025-04-20T18:43:56.501Z","environment":"development"}
{"endpoint":"getAlternateRouteAction","method":"ACTION","status":200,"duration":26,"userId":"user_2tgDROdend9w23lpQezDLR6RHFo","routeDistance":159585.7,"routeDuration":7509.9,"usedFallback":false,"timestamp":"2025-04-20T18:43:56.551Z","environment":"development"}
{"endpoint":"searchPoisAction","method":"ACTION","status":200,"duration":5103,"userId":"user_2tgDROdend9w23lpQezDLR6RHFo","poiCount":15,"radius":2000,"timestamp":"2025-04-20T18:44:01.669Z","environment":"development"}
{"endpoint":"searchPoisAction","method":"ACTION","status":200,"duration":8405,"userId":"user_2tgDROdend9w23lpQezDLR6RHFo","poiCount":18,"radius":2000,"timestamp":"2025-04-20T18:44:10.116Z","environment":"development"}
{"endpoint":"searchPoisAction","method":"ACTION","status":200,"duration":21,"userId":"user_2tgDROdend9w23lpQezDLR6RHFo","poiCount":15,"radius":2000,"timestamp":"2025-04-20T18:44:10.169Z","environment":"development"}
{"endpoint":"searchPoisAction","method":"ACTION","status":200,"duration":23,"userId":"user_2tgDROdend9w23lpQezDLR6RHFo","poiCount":18,"radius":2000,"timestamp":"2025-04-20T18:44:10.208Z","environment":"development"}
{"endpoint":"geocodeLocationAction","method":"ACTION","status":200,"duration":167,"userId":"user_2tgDROdend9w23lpQezDLR6RHFo","serviceUsed":"LocationIQ","timestamp":"2025-04-20T18:44:49.049Z","environment":"development"}
{"endpoint":"geocodeLocationAction","method":"ACTION","status":200,"duration":22,"userId":"user_2tgDROdend9w23lpQezDLR6RHFo","serviceUsed":"LocationIQ","timestamp":"2025-04-20T18:44:49.111Z","environment":"development"}
{"endpoint":"getRouteAction","method":"ACTION","status":200,"duration":64,"error":"Unknown route action error","userId":"user_2tgDROdend9w23lpQezDLR6RHFo","routeDistance":100781.3,"routeDuration":5234.3,"usedFallback":false,"timestamp":"2025-04-20T18:44:49.232Z","environment":"development"}
{"endpoint":"getAlternateRouteAction","method":"ACTION","status":200,"duration":44,"userId":"user_2tgDROdend9w23lpQezDLR6RHFo","routeDistance":99776.7,"routeDuration":5409.5,"usedFallback":false,"timestamp":"2025-04-20T18:44:49.290Z","environment":"development"}
{"endpoint":"getRouteAction","method":"ACTION","status":200,"duration":25,"error":"Unknown route action error","userId":"user_2tgDROdend9w23lpQezDLR6RHFo","routeDistance":100781.3,"routeDuration":5234.3,"usedFallback":false,"timestamp":"2025-04-20T18:44:49.330Z","environment":"development"}
{"endpoint":"getAlternateRouteAction","method":"ACTION","status":200,"duration":46,"userId":"user_2tgDROdend9w23lpQezDLR6RHFo","routeDistance":99776.7,"routeDuration":5409.5,"usedFallback":false,"timestamp":"2025-04-20T18:44:49.390Z","environment":"development"}
{"endpoint":"searchPoisAction","method":"ACTION","status":200,"duration":5339,"userId":"user_2tgDROdend9w23lpQezDLR6RHFo","poiCount":20,"radius":2000,"timestamp":"2025-04-20T18:44:54.743Z","environment":"development"}
{"endpoint":"searchPoisAction","method":"ACTION","status":200,"duration":5232,"userId":"user_2tgDROdend9w23lpQezDLR6RHFo","poiCount":20,"radius":2000,"timestamp":"2025-04-20T18:45:00.001Z","environment":"development"}
{"endpoint":"searchPoisAction","method":"ACTION","status":200,"duration":63,"userId":"user_2tgDROdend9w23lpQezDLR6RHFo","poiCount":20,"radius":2000,"timestamp":"2025-04-20T18:45:00.089Z","environment":"development"}
{"endpoint":"searchPoisAction","method":"ACTION","status":200,"duration":45,"userId":"user_2tgDROdend9w23lpQezDLR6RHFo","poiCount":20,"radius":2000,"timestamp":"2025-04-20T18:45:00.150Z","environment":"development"}
{"endpoint":"geocodeLocationAction","method":"ACTION","status":200,"duration":549,"userId":"user_2tgDROdend9w23lpQezDLR6RHFo","serviceUsed":"LocationIQ","timestamp":"2025-04-29T22:54:41.110Z","environment":"development"}
{"endpoint":"geocodeLocationAction","method":"ACTION","status":200,"duration":229,"userId":"user_2tgDROdend9w23lpQezDLR6RHFo","serviceUsed":"LocationIQ","timestamp":"2025-04-29T22:54:41.371Z","environment":"development"}
{"endpoint":"getRouteAction","method":"ACTION","status":504,"duration":30033,"error":"Request timed out after 30000ms","userId":"user_2tgDROdend9w23lpQezDLR6RHFo","usedFallback":false,"timestamp":"2025-04-29T22:55:11.503Z","environment":"development"}
{"endpoint":"geocodeLocationAction","method":"ACTION","status":200,"duration":182,"userId":"user_2tgDROdend9w23lpQezDLR6RHFo","serviceUsed":"LocationIQ","timestamp":"2025-04-29T22:56:00.342Z","environment":"development"}
{"endpoint":"geocodeLocationAction","method":"ACTION","status":200,"duration":341,"userId":"user_2tgDROdend9w23lpQezDLR6RHFo","serviceUsed":"LocationIQ","timestamp":"2025-04-29T22:56:00.712Z","environment":"development"}
{"endpoint":"getRouteAction","method":"ACTION","status":504,"duration":30030,"error":"Request timed out after 30000ms","userId":"user_2tgDROdend9w23lpQezDLR6RHFo","usedFallback":false,"timestamp":"2025-04-29T22:56:30.838Z","environment":"development"}
{"endpoint":"getAlternateRouteAction","method":"ACTION","status":200,"duration":30122,"userId":"user_2tgDROdend9w23lpQezDLR6RHFo","usedFallback":false,"timestamp":"2025-04-29T22:57:00.999Z","environment":"development"}
{"endpoint":"geocodeLocationAction","method":"ACTION","status":200,"duration":181,"userId":"user_2tgDROdend9w23lpQezDLR6RHFo","serviceUsed":"LocationIQ","timestamp":"2025-04-29T23:49:14.086Z","environment":"development"}
{"endpoint":"geocodeLocationAction","method":"ACTION","status":200,"duration":21,"userId":"user_2tgDROdend9w23lpQezDLR6RHFo","serviceUsed":"LocationIQ","timestamp":"2025-04-29T23:49:14.140Z","environment":"development"}
{"endpoint":"getRouteAction","method":"ACTION","status":504,"duration":30029,"error":"Request timed out after 30000ms","userId":"user_2tgDROdend9w23lpQezDLR6RHFo","usedFallback":false,"timestamp":"2025-04-29T23:49:44.313Z","environment":"development"}
{"endpoint":"getAlternateRouteAction","method":"ACTION","status":200,"duration":30232,"userId":"user_2tgDROdend9w23lpQezDLR6RHFo","usedFallback":false,"timestamp":"2025-04-29T23:50:14.572Z","environment":"development"}
{"endpoint":"getRouteAction","method":"ACTION","status":504,"duration":30162,"error":"Request timed out after 30000ms","userId":"user_2tgDROdend9w23lpQezDLR6RHFo","usedFallback":false,"timestamp":"2025-04-29T23:50:44.777Z","environment":"development"}
{"endpoint":"getAlternateRouteAction","method":"ACTION","status":200,"duration":30118,"userId":"user_2tgDROdend9w23lpQezDLR6RHFo","usedFallback":false,"timestamp":"2025-04-29T23:51:14.933Z","environment":"development"}
{"endpoint":"searchPoisAction","method":"ACTION","status":200,"duration":6438,"userId":"user_2tgDROdend9w23lpQezDLR6RHFo","poiCount":20,"radius":2000,"timestamp":"2025-04-29T23:51:21.447Z","environment":"development"}
{"endpoint":"searchPoisAction","method":"ACTION","status":200,"duration":41,"userId":"user_2tgDROdend9w23lpQezDLR6RHFo","poiCount":20,"radius":2000,"timestamp":"2025-04-29T23:51:21.516Z","environment":"development"}
{"endpoint":"geocodeLocationAction","method":"ACTION","status":200,"duration":319,"userId":"user_2tgDROdend9w23lpQezDLR6RHFo","serviceUsed":"LocationIQ","timestamp":"2025-04-30T00:10:36.979Z","environment":"development"}
{"endpoint":"geocodeLocationAction","method":"ACTION","status":200,"duration":51,"userId":"user_2tgDROdend9w23lpQezDLR6RHFo","serviceUsed":"LocationIQ","timestamp":"2025-04-30T00:10:37.056Z","environment":"development"}
{"endpoint":"getRouteAction","method":"ACTION","status":500,"duration":2,"error":"OpenRouteService API key is not configured","userId":"user_2tgDROdend9w23lpQezDLR6RHFo","usedFallback":false,"serviceUsed":"OpenRouteService","timestamp":"2025-04-30T00:10:37.120Z","environment":"development"}
{"endpoint":"getAlternateRouteAction","method":"ACTION","status":500,"duration":1,"error":"OpenRouteService API key is not configured","userId":"user_2tgDROdend9w23lpQezDLR6RHFo","usedFallback":false,"serviceUsed":"OpenRouteService","timestamp":"2025-04-30T00:10:37.147Z","environment":"development"}
{"endpoint":"getRouteAction","method":"ACTION","status":500,"duration":0,"error":"OpenRouteService API key is not configured","userId":"user_2tgDROdend9w23lpQezDLR6RHFo","usedFallback":false,"serviceUsed":"OpenRouteService","timestamp":"2025-04-30T00:10:37.165Z","environment":"development"}
{"endpoint":"getAlternateRouteAction","method":"ACTION","status":500,"duration":1,"error":"OpenRouteService API key is not configured","userId":"user_2tgDROdend9w23lpQezDLR6RHFo","usedFallback":false,"serviceUsed":"OpenRouteService","timestamp":"2025-04-30T00:10:37.221Z","environment":"development"}
{"endpoint":"geocodeLocationAction","method":"ACTION","status":200,"duration":295,"userId":"user_2tgDROdend9w23lpQezDLR6RHFo","serviceUsed":"LocationIQ","timestamp":"2025-04-30T00:31:25.504Z","environment":"development"}
{"endpoint":"geocodeLocationAction","method":"ACTION","status":200,"duration":25,"userId":"user_2tgDROdend9w23lpQezDLR6RHFo","serviceUsed":"LocationIQ","timestamp":"2025-04-30T00:31:25.558Z","environment":"development"}
{"endpoint":"getRouteAction","method":"ACTION","status":200,"duration":679,"userId":"user_2tgDROdend9w23lpQezDLR6RHFo","routeDistance":87517.64189762359,"routeDuration":6300.7661553364715,"usedFallback":true,"serviceUsed":"OpenRouteService","timestamp":"2025-04-30T00:31:26.319Z","environment":"development"}
{"endpoint":"getAlternateRouteAction","method":"ACTION","status":200,"duration":133,"userId":"user_2tgDROdend9w23lpQezDLR6RHFo","routeDistance":87517.64189762359,"routeDuration":6300.7661553364715,"usedFallback":true,"serviceUsed":"OpenRouteService","timestamp":"2025-04-30T00:31:26.484Z","environment":"development"}
{"endpoint":"getRouteAction","method":"ACTION","status":200,"duration":123,"userId":"user_2tgDROdend9w23lpQezDLR6RHFo","routeDistance":87517.64189762359,"routeDuration":6300.7661553364715,"usedFallback":true,"serviceUsed":"OpenRouteService","timestamp":"2025-04-30T00:31:26.644Z","environment":"development"}
{"endpoint":"getAlternateRouteAction","method":"ACTION","status":200,"duration":178,"userId":"user_2tgDROdend9w23lpQezDLR6RHFo","routeDistance":87517.64189762359,"routeDuration":6300.7661553364715,"usedFallback":true,"serviceUsed":"OpenRouteService","timestamp":"2025-04-30T00:31:26.843Z","environment":"development"}
{"endpoint":"searchPoisAction","method":"ACTION","status":200,"duration":6345,"userId":"user_2tgDROdend9w23lpQezDLR6RHFo","poiCount":20,"radius":2000,"timestamp":"2025-04-30T00:31:33.212Z","environment":"development"}
{"endpoint":"searchPoisAction","method":"ACTION","status":200,"duration":44,"userId":"user_2tgDROdend9w23lpQezDLR6RHFo","poiCount":20,"radius":2000,"timestamp":"2025-04-30T00:31:33.288Z","environment":"development"}
{"endpoint":"geocodeLocationAction","method":"ACTION","status":200,"duration":112,"userId":"user_2tgDROdend9w23lpQezDLR6RHFo","serviceUsed":"LocationIQ","timestamp":"2025-04-30T00:36:02.535Z","environment":"development"}
{"endpoint":"geocodeLocationAction","method":"ACTION","status":200,"duration":24,"userId":"user_2tgDROdend9w23lpQezDLR6RHFo","serviceUsed":"LocationIQ","timestamp":"2025-04-30T00:36:02.585Z","environment":"development"}
{"endpoint":"getRouteAction","method":"ACTION","status":200,"duration":451,"userId":"user_2tgDROdend9w23lpQezDLR6RHFo","routeDistance":87517.64189762359,"routeDuration":6300.7661553364715,"usedFallback":true,"serviceUsed":"OpenRouteService","timestamp":"2025-04-30T00:36:03.120Z","environment":"development"}
{"endpoint":"getAlternateRouteAction","method":"ACTION","status":200,"duration":117,"userId":"user_2tgDROdend9w23lpQezDLR6RHFo","routeDistance":87517.64189762359,"routeDuration":6300.7661553364715,"usedFallback":true,"serviceUsed":"OpenRouteService","timestamp":"2025-04-30T00:36:03.267Z","environment":"development"}
{"endpoint":"getRouteAction","method":"ACTION","status":200,"duration":246,"userId":"user_2tgDROdend9w23lpQezDLR6RHFo","routeDistance":117702.2,"routeDuration":5289.6,"usedFallback":false,"serviceUsed":"OpenRouteService","timestamp":"2025-04-30T00:36:03.534Z","environment":"development"}
{"endpoint":"getAlternateRouteAction","method":"ACTION","status":200,"duration":23516,"userId":"user_2tgDROdend9w23lpQezDLR6RHFo","routeDistance":106111.1,"routeDuration":5517.1,"usedFallback":false,"serviceUsed":"OpenRouteService","timestamp":"2025-04-30T00:36:27.072Z","environment":"development"}
{"endpoint":"searchPoisAction","method":"ACTION","status":200,"duration":114,"userId":"user_2tgDROdend9w23lpQezDLR6RHFo","poiCount":20,"radius":2000,"timestamp":"2025-04-30T00:36:27.226Z","environment":"development"}
{"endpoint":"searchPoisAction","method":"ACTION","status":200,"duration":5112,"userId":"user_2tgDROdend9w23lpQezDLR6RHFo","poiCount":20,"radius":2000,"timestamp":"2025-04-30T00:36:32.359Z","environment":"development"}
{"endpoint":"searchPoisAction","method":"ACTION","status":200,"duration":5782,"userId":"user_2tgDROdend9w23lpQezDLR6RHFo","poiCount":20,"radius":2000,"timestamp":"2025-04-30T00:36:38.168Z","environment":"development"}
